<?xml version="1.0" encoding="UTF-8"?>
<!-- Generated by org.testng.reporters.JUnitReportReporter -->
<testsuite hostname="LAPTOP-B5G44EKM" failures="0" tests="1" name="TestArea.RunningTest" time="7.960" errors="0" timestamp="2021-07-21T12:14:54 PST" skipped="0">
  <testcase classname="TestArea.RunningTest" name="test" time="7.960"/>
  <system-out/>
</testsuite> <!-- TestArea.RunningTest -->
