<?xml version="1.0" encoding="UTF-8"?>
<!-- Generated by org.testng.reporters.JUnitReportReporter -->
<testsuite hostname="LAPTOP-B5G44EKM" failures="0" tests="1" name="TestArea.TestNgTestPF" time="7.449" errors="0" timestamp="2021-07-23T22:33:49 PST" skipped="0">
  <testcase classname="TestArea.TestNgTestPF" name="loginTestcase01" time="7.449"/>
  <system-out/>
</testsuite> <!-- TestArea.TestNgTestPF -->
